TN:
SF:script/DeployFactory.s.sol
DA:13,0
FN:13,DeploySmartAccount7702Script.run
FNDA:0,DeploySmartAccount7702Script.run
DA:14,0
DA:15,0
DA:19,0
FNF:1
FNH:0
LF:4
LH:0
BRF:0
BRH:0
end_of_record
TN:
SF:src/ERC1271.sol
DA:36,1
FN:36,ERC1271.eip712Domain
FNDA:1,ERC1271.eip712Domain
DA:50,1
DA:51,1
DA:52,1
DA:53,1
DA:54,0
DA:55,0
DA:69,3
FN:69,ERC1271.isValidSignature
FNDA:3,ERC1271.isValidSignature
DA:70,3
BRDA:70,0,0,1
DA:72,1
DA:75,2
DA:90,4
FN:90,ERC1271.replaySafeHash
FNDA:4,ERC1271.replaySafeHash
DA:91,7
DA:100,1
FN:100,ERC1271.domainSeparator
FNDA:1,ERC1271.domainSeparator
DA:101,8
DA:102,8
DA:122,7
FN:122,ERC1271._eip712Hash
FNDA:7,ERC1271._eip712Hash
DA:123,7
DA:135,7
FN:135,ERC1271._hashStruct
FNDA:7,ERC1271._hashStruct
DA:136,7
FNF:6
FNH:6
LF:20
LH:18
BRF:1
BRH:1
end_of_record
TN:
SF:src/SmartAccount7702.sol
DA:49,17
FN:49,SmartAccount7702.onlyEntryPoint
FNDA:17,SmartAccount7702.onlyEntryPoint
DA:50,17
BRDA:50,0,0,1
DA:58,2
FN:58,SmartAccount7702.onlyEntryPointOrSelf
FNDA:2,SmartAccount7702.onlyEntryPointOrSelf
DA:59,2
BRDA:59,1,0,-
DA:60,0
DA:76,17
FN:76,SmartAccount7702.validateUserOp
FNDA:17,SmartAccount7702.validateUserOp
DA:87,16
BRDA:87,2,0,4
DA:88,4
DA:91,12
DA:101,5
FN:101,SmartAccount7702.execute
FNDA:5,SmartAccount7702.execute
DA:107,4
DA:115,2
FN:115,SmartAccount7702.executeBatch
FNDA:2,SmartAccount7702.executeBatch
DA:116,2
DA:117,4
DA:127,4
FN:127,SmartAccount7702.deploy
FNDA:4,SmartAccount7702.deploy
DA:134,4
BRDA:134,3,0,1
DA:136,3
DA:137,3
DA:138,3
DA:139,3
DA:141,3
BRDA:141,4,0,-
DA:142,3
DA:152,5
FN:152,SmartAccount7702.deployDeterministic
FNDA:5,SmartAccount7702.deployDeterministic
DA:160,5
DA:161,5
DA:162,5
DA:163,5
DA:165,5
BRDA:165,5,0,1
DA:166,4
DA:170,4
FN:170,SmartAccount7702.entryPoint
FNDA:4,SmartAccount7702.entryPoint
DA:171,37
DA:179,19
FN:179,SmartAccount7702._isValidSignature
FNDA:19,SmartAccount7702._isValidSignature
DA:186,19
DA:190,8
FN:190,SmartAccount7702._call
FNDA:8,SmartAccount7702._call
DA:191,8
DA:192,8
BRDA:192,6,0,2
DA:194,2
DA:200,9
FN:200,SmartAccount7702._domainNameAndVersion
FNDA:9,SmartAccount7702._domainNameAndVersion
DA:201,9
FNF:11
FNH:11
LF:39
LH:38
BRF:7
BRH:5
end_of_record
