TN:
SF:src/TSmartAccount7702.sol
DA:100,139
FN:100,TSmartAccount7702.initialize
FNDA:139,TSmartAccount7702.initialize
DA:101,139
BRDA:101,0,0,5
BRDA:101,0,1,134
DA:102,134
BRDA:102,1,0,2
BRDA:102,1,1,132
DA:103,132
DA:104,132
BRDA:104,2,0,2
BRDA:104,2,1,130
DA:105,130
DA:106,130
DA:107,130
DA:111,1326
FN:111,TSmartAccount7702.onlyEntryPoint
FNDA:1326,TSmartAccount7702.onlyEntryPoint
DA:112,1326
DA:113,1326
BRDA:113,3,0,3
BRDA:113,3,1,1323
DA:114,1323
BRDA:114,4,0,4
BRDA:114,4,1,1319
DA:122,279
FN:122,TSmartAccount7702.onlyEntryPointOrSelf
FNDA:279,TSmartAccount7702.onlyEntryPointOrSelf
DA:123,279
DA:124,279
BRDA:124,5,0,5
BRDA:124,5,1,545
DA:125,278
BRDA:125,6,0,8
BRDA:125,6,1,537
DA:147,1326
FN:147,TSmartAccount7702.validateUserOp
FNDA:1326,TSmartAccount7702.validateUserOp
DA:166,1319
BRDA:166,7,0,518
DA:167,518
DA:178,801
BRDA:178,8,0,260
DA:180,260
DA:184,801
DA:199,550
FN:199,TSmartAccount7702.execute
FNDA:550,TSmartAccount7702.execute
DA:200,537
DA:214,279
FN:214,TSmartAccount7702.deployDeterministic
FNDA:279,TSmartAccount7702.deployDeterministic
DA:221,274
BRDA:221,9,0,2
BRDA:221,9,1,272
DA:227,272
DA:228,272
DA:229,272
DA:230,272
BRDA:230,10,0,4
DA:231,4
DA:232,4
DA:235,268
DA:239,1
FN:239,TSmartAccount7702.version
FNDA:1,TSmartAccount7702.version
DA:240,1
DA:244,319
FN:244,TSmartAccount7702.entryPoint
FNDA:319,TSmartAccount7702.entryPoint
DA:245,319
DA:249,2606
FN:249,TSmartAccount7702._getEntryPointStorage
FNDA:2606,TSmartAccount7702._getEntryPointStorage
DA:251,2606
DA:268,266
FN:268,TSmartAccount7702.supportsInterface
FNDA:266,TSmartAccount7702.supportsInterface
DA:269,266
DA:270,264
DA:271,262
DA:272,260
DA:273,258
DA:289,8
FN:289,TSmartAccount7702.onERC721Received
FNDA:8,TSmartAccount7702.onERC721Received
DA:290,8
DA:296,6
FN:296,TSmartAccount7702.onERC1155Received
FNDA:6,TSmartAccount7702.onERC1155Received
DA:297,6
DA:303,6
FN:303,TSmartAccount7702.onERC1155BatchReceived
FNDA:6,TSmartAccount7702.onERC1155BatchReceived
DA:308,6
DA:314,537
FN:314,TSmartAccount7702._call
FNDA:537,TSmartAccount7702._call
DA:319,537
DA:320,537
DA:321,537
DA:322,537
BRDA:322,11,0,2
DA:323,2
DA:324,2
FNF:14
FNH:14
LF:58
LH:58
BRF:20
BRH:20
end_of_record
