TN:
SF:src/TSmartAccount7702.sol
DA:91,129
FN:91,TSmartAccount7702.initialize
FNDA:129,TSmartAccount7702.initialize
DA:92,129
BRDA:92,0,0,5
DA:93,124
DA:94,2
BRDA:94,1,0,2
DA:95,122
DA:96,122
DA:97,122
DA:101,1326
FN:101,TSmartAccount7702.onlyEntryPoint
FNDA:1326,TSmartAccount7702.onlyEntryPoint
DA:102,1326
DA:103,1326
BRDA:103,2,0,3
DA:104,1323
BRDA:104,3,0,4
DA:112,279
FN:112,TSmartAccount7702.onlyEntryPointOrSelf
FNDA:279,TSmartAccount7702.onlyEntryPointOrSelf
DA:113,279
DA:114,279
BRDA:114,4,0,1
DA:115,278
BRDA:115,5,0,4
DA:116,4
DA:139,1326
FN:139,TSmartAccount7702.validateUserOp
FNDA:1326,TSmartAccount7702.validateUserOp
DA:152,1319
BRDA:152,6,0,260
DA:154,260
DA:162,1319
BRDA:162,7,0,518
DA:163,518
DA:166,801
DA:181,550
FN:181,TSmartAccount7702.execute
FNDA:550,TSmartAccount7702.execute
DA:187,537
DA:201,279
FN:201,TSmartAccount7702.deployDeterministic
FNDA:279,TSmartAccount7702.deployDeterministic
DA:208,274
BRDA:208,8,0,2
DA:214,272
DA:215,272
DA:216,272
DA:217,272
BRDA:217,9,0,4
DA:218,4
DA:219,4
DA:222,268
DA:226,1
FN:226,TSmartAccount7702.version
FNDA:1,TSmartAccount7702.version
DA:227,1
DA:231,315
FN:231,TSmartAccount7702.entryPoint
FNDA:315,TSmartAccount7702.entryPoint
DA:232,315
DA:236,2594
FN:236,TSmartAccount7702._getEntryPointStorage
FNDA:2594,TSmartAccount7702._getEntryPointStorage
DA:238,2594
DA:246,268
FN:246,TSmartAccount7702.supportsInterface
FNDA:268,TSmartAccount7702.supportsInterface
DA:247,268
DA:248,266
DA:249,264
DA:250,262
DA:251,260
DA:252,258
DA:267,6
FN:267,TSmartAccount7702.onERC721Received
FNDA:6,TSmartAccount7702.onERC721Received
DA:268,6
DA:274,4
FN:274,TSmartAccount7702.onERC1155Received
FNDA:4,TSmartAccount7702.onERC1155Received
DA:275,4
DA:281,4
FN:281,TSmartAccount7702.onERC1155BatchReceived
FNDA:4,TSmartAccount7702.onERC1155BatchReceived
DA:286,4
DA:292,537
FN:292,TSmartAccount7702._call
FNDA:537,TSmartAccount7702._call
DA:297,537
DA:298,537
DA:299,537
DA:300,537
BRDA:300,10,0,2
DA:301,2
DA:302,2
FNF:14
FNH:14
LF:59
LH:59
BRF:11
BRH:11
end_of_record
